<?xml version="1.0" encoding="UTF-8"?>
<!-- Generated by org.testng.reporters.JUnitReportReporter -->
<testsuite hostname="sundars-MacBook-Air.local" failures="0" tests="4" name="mavenframework.DealsdrayAppParallelTest" time="1.701" errors="0" timestamp="2024-09-09T17:55:02 IST" skipped="0">
  <testcase classname="mavenframework.DealsdrayAppParallelTest" name="launchgetcalleyapp" time="0.844"/>
  <testcase classname="mavenframework.DealsdrayAppParallelTest" name="launchgetcalleyapp" time="0.279"/>
  <testcase classname="mavenframework.DealsdrayAppParallelTest" name="launchgetcalleyapp" time="0.104"/>
  <testcase classname="mavenframework.DealsdrayAppParallelTest" name="launchgetcalleyapp" time="0.474"/>
</testsuite> <!-- mavenframework.DealsdrayAppParallelTest -->
